[ERROR] config.bot_superlike_n use the default value, update your config.js from config.js.tpl
[ERROR] config.bot_followday use the default value, update your config.js from config.js.tpl
[ERROR] config.bot_userwhitelist use the default value, update your config.js from config.js.tpl
[WARNING] Bot work? Please donate for support this project!
[WARNING] Donate with patreon: http://patreon.ptkdev.io
[WARNING] Donate with paypal: http://paypal.ptkdev.io
[INFO] Bot is updated! :D
[INFO] loading...
[INFO] open_loginpage
[INFO] set_username
[INFO] set_password
[INFO] submit
[INFO] checkerrors
[INFO] password is correct
[INFO] login_status is 1
[INFO] twitter request pin (bad location)?
[INFO] no, try second verify
[INFO] status location: 0
[INFO] twitter request pin (2fa enabled)?
[INFO] no, bot is at work (started)... Wait...
[INFO] starting current mode
[INFO] status: 0
[ERROR] config.bot_superlike_n use the default value, update your config.js from config.js.tpl
[ERROR] config.bot_followday use the default value, update your config.js from config.js.tpl
[ERROR] config.bot_userwhitelist use the default value, update your config.js from config.js.tpl
[WARNING] Bot work? Please donate for support this project!
[WARNING] Donate with patreon: http://patreon.ptkdev.io
[WARNING] Donate with paypal: http://paypal.ptkdev.io
[INFO] Bot is updated! :D
[INFO] loading...
[INFO] open_loginpage
[INFO] set_username
[INFO] set_password
[INFO] submit
[INFO] checkerrors
[INFO] password is correct
[INFO] login_status is 1
[INFO] twitter request pin (bad location)?
[INFO] no, try second verify
[INFO] status location: 0
[INFO] twitter request pin (2fa enabled)?
[INFO] no, bot is at work (started)... Wait...
[INFO] starting current mode
[INFO] status: 0
[WARNING] Bot work? Please donate for support this project!
[WARNING] Donate with patreon: http://patreon.ptkdev.io
[WARNING] Donate with paypal: http://paypal.ptkdev.io
[INFO] Bot is updated! :D
[INFO] loading...
[INFO] open_loginpage
[INFO] set_username
[INFO] set_password
[INFO] submit
[INFO] checkerrors
[INFO] password is correct
[INFO] login_status is 1
[INFO] twitter request pin (2fa enabled)?
[INFO] yes, twitter require security pin... You can not pass!1!111! (cit.)
[INFO] status: 1
[INFO] twofa (enabled)
[WARNING] please insert pin in loginpin.txt, you have 50-60 seconds for that.. (tic... tac... tic... tac... tic...)
[INFO] readpin
[INFO] submit
[INFO] pin is ok
[INFO] [ERROR]
[INFO] realistic
[INFO] time night: 1522
[INFO] loading... Sun Jul 22 2018 15:22:03 GMT+0200 (CEST)
[INFO] cache array size 0
[INFO] current hashtag buongiorno
[INFO] like_get_urlpic
[DEBUG] array tweets 
[INFO] current tweet url undefined
[WARNING] check if current hashtag have tweets, you write it good in config.js? Bot go to next hashtag.
[ERROR] like_get_urlpic error Error: Protocol error (Page.navigate): Invalid parameters url: string value expected
[INFO] try heart like
[DEBUG] Error: waiting for selector "main article:nth-child(1) section:nth-child(1) button:nth-child(1)" failed: timeout 30000ms exceeded
[WARNING] </3
[WARNING] Bot work? Please donate for support this project!
[WARNING] Donate with patreon: http://patreon.ptkdev.io
[WARNING] Donate with paypal: http://paypal.ptkdev.io
[INFO] Bot is updated! :D
[INFO] loading...
[INFO] open_loginpage
[INFO] set_username
[INFO] set_password
[INFO] submit
[INFO] checkerrors
[INFO] password is correct
[INFO] login_status is 1
[INFO] twitter request pin (2fa enabled)?
[INFO] yes, twitter require security pin... You can not pass!1!111! (cit.)
[INFO] status: 1
[INFO] twofa (enabled)
[WARNING] please insert pin in loginpin.txt, you have 50-60 seconds for that.. (tic... tac... tic... tac... tic...)
[INFO] readpin
[INFO] submit
[INFO] pin is ok
[INFO] twitter no have a crash
[INFO] realistic
[INFO] time night: 1532
[INFO] loading... Sun Jul 22 2018 15:32:02 GMT+0200 (CEST)
[INFO] cache array size 0
[INFO] current hashtag buonanotte
[INFO] get_urltweets
[DEBUG] array tweets 
[INFO] current tweet url undefined
[WARNING] check if current hashtag have tweets, you write it good in config.js? Bot go to next hashtag.
[ERROR] get_urltweets error Error: Protocol error (Page.navigate): Invalid parameters url: string value expected
[INFO] try heart like
[DEBUG] Error: waiting for selector "main article:nth-child(1) section:nth-child(1) button:nth-child(1)" failed: timeout 30000ms exceeded
[WARNING] </3
[INFO] finish fast like, bot sleep 15-20 minutes
[WARNING] Bot work? Please donate for support this project!
[WARNING] Donate with patreon: http://patreon.ptkdev.io
[WARNING] Donate with paypal: http://paypal.ptkdev.io
[INFO] Bot is updated! :D
[INFO] loading...
[INFO] open_loginpage
[WARNING] Bot work? Please donate for support this project!
[WARNING] Donate with patreon: http://patreon.ptkdev.io
[WARNING] Donate with paypal: http://paypal.ptkdev.io
[INFO] Bot is updated! :D
[INFO] loading...
[INFO] open_loginpage
[INFO] set_username
[INFO] set_password
[INFO] submit
[INFO] checkerrors
[ERROR] Error:  (restart bot and retry...)
[INFO] login_status is 0
[WARNING] Bot work? Please donate for support this project!
[WARNING] Donate with patreon: http://patreon.ptkdev.io
[WARNING] Donate with paypal: http://paypal.ptkdev.io
[INFO] Bot is updated! :D
[INFO] loading...
[INFO] open_loginpage
[INFO] set_username
[INFO] set_password
[INFO] submit
[INFO] checkerrors
[ERROR] Error:  (restart bot and retry...)
[INFO] login_status is 0
[WARNING] Bot work? Please donate for support this project!
[WARNING] Donate with patreon: http://patreon.ptkdev.io
[WARNING] Donate with paypal: http://paypal.ptkdev.io
[INFO] Bot is updated! :D
[INFO] loading...
[INFO] open_loginpage
[INFO] set_username
[INFO] set_password
[INFO] submit
[INFO] checkerrors
[INFO] password is correct
[INFO] login_status is 1
[INFO] twitter request pin (2fa enabled)?
[INFO] no, bot is at work (started)... Wait...
[INFO] starting current mode
[INFO] status: 0
[INFO] realistic
[INFO] time night: 1546
[INFO] loading... Sun Jul 22 2018 15:46:53 GMT+0200 (CEST)
[INFO] cache array size 0
[INFO] current hashtag buonanotte
[INFO] get_urltweets
[DEBUG] array tweets 
[INFO] current tweet url undefined
[WARNING] check if current hashtag have tweets, you write it good in config.js? Bot go to next hashtag.
[ERROR] get_urltweets error Error: Protocol error (Page.navigate): Invalid parameters url: string value expected
[INFO] try heart like
[DEBUG] Error: Protocol error (Runtime.callFunctionOn): Session closed. Most likely the page has been closed.
[WARNING] </3
[INFO] finish fast like, bot sleep 15-20 minutes
[WARNING] Bot work? Please donate for support this project!
[WARNING] Donate with paypal: http://paypal.ptkdev.io
[WARNING] Donate with patreon: http://patreon.ptkdev.io
[INFO] Bot is updated! :D
[INFO] open_loginpage
[INFO] loading...
[INFO] set_username
[INFO] set_password
[INFO] submit
[INFO] checkerrors
[INFO] password is correct
[INFO] login_status is 1
[INFO] twitter request pin (2fa enabled)?
[INFO] no, bot is at work (started)... Wait...
[INFO] starting current mode
[INFO] status: 0
[INFO] realistic
[INFO] time night: 1548
[INFO] loading... Sun Jul 22 2018 15:48:56 GMT+0200 (CEST)
[INFO] cache array size 0
[INFO] current hashtag ciao
[INFO] get_urltweets
[DEBUG] array tweets https://twitter.com/D1R7B4G/status/1021029286311014406,https://twitter.com/MatsuXk/status/1021029258632675329,https://twitter.com/gio_prankster/status/1021029210394103810,https://twitter.com/tch0m0/status/1021029167150837760,https://twitter.com/_inmyremains__/status/1021029156002377728,https://twitter.com/ape0481/status/1021029133608996864,https://twitter.com/Rockfield2015/status/1021029083407364096,https://twitter.com/WindItalia/status/1021029072296701953,https://twitter.com/MTumbin/status/1021029025559478272,https://twitter.com/alexbiu68/status/1021028979426422784,https://twitter.com/DavideBoni/status/1021028969720832006,https://twitter.com/nellomarrazzo/status/1021028919774990336,https://twitter.com/federicadeca/status/1021028883016142848,https://twitter.com/ValentinaVeltro/status/1021028860295614464,https://twitter.com/Marhleo/status/1021028803336957952,https://twitter.com/gabrieleporri/status/1021028768255741952,https://twitter.com/TerraSolebb/status/1021028757342248961,https://twitter.com/giuliaax1/status/1021028733271068674,https://twitter.com/inakirincon/status/1021028699024523264,https://twitter.com/PtYuuko/status/1021028687154634752
[INFO] current tweet url https://twitter.com/PtYuuko/status/1021028687154634752
[INFO] try heart like
[INFO] <3
[INFO] time night: 1549
[INFO] loading... Sun Jul 22 2018 15:49:54 GMT+0200 (CEST)
[INFO] cache array size 19
[INFO] get_urltweets
[INFO] current tweet url from cache https://twitter.com/inakirincon/status/1021028699024523264
[INFO] try heart like
[INFO] <3
[WARNING] Bot work? Please donate for support this project!
[WARNING] Donate with patreon: http://patreon.ptkdev.io
[WARNING] Donate with paypal: http://paypal.ptkdev.io
[INFO] Bot is updated! :D
[INFO] loading...
[INFO] open_loginpage
[INFO] set_username
[INFO] set_password
[INFO] submit
[INFO] checkerrors
[INFO] password is correct
[INFO] login_status is 1
[INFO] twitter request pin (2fa enabled)?
[INFO] no, bot is at work (started)... Wait...
[INFO] starting current mode
[INFO] status: 0
[INFO] like_realistic
[INFO] time night: 1601
[INFO] loading... Sun Jul 22 2018 16:01:40 GMT+0200 (CEST)
[INFO] cache array size 0
[INFO] current hashtag github
[INFO] get_urltweets
[DEBUG] array tweets https://twitter.com/BSDHackerCommit/status/1021032403760971783,https://twitter.com/yshogo87/status/1021032384488198144,https://twitter.com/takuya_qiita/status/1021032208969056256,https://twitter.com/SqreenIO/status/991680554411220992,https://twitter.com/fujitrade/status/1021032120867696644,https://twitter.com/crimnut/status/1021032096368713728,https://twitter.com/nokonoko_1203/status/1021031871885422592,https://twitter.com/Jer04939460/status/1021031717514039297,https://twitter.com/lmgm_m/status/1021031398784712704,https://twitter.com/realusinvestmen/status/1021030107597553666,https://twitter.com/realusinvestmen/status/1021029943717662721,https://twitter.com/osmar_ferre/status/1021028999605161985,https://twitter.com/q_fktm/status/1021028866326843393,https://twitter.com/ed19741/status/1021028769228869632,https://twitter.com/Literature_Geek/status/1021028427753828352,https://twitter.com/tibayou2/status/1021028278369280011,https://twitter.com/Lionpassion/status/1021028092549222400,https://twitter.com/mocobt/status/1021028047623819265,https://twitter.com/McDwayne/status/1021027983199490048,https://twitter.com/rickhanlonii/status/1021027953059278848,https://twitter.com/pierregillesl/status/1021027871152885760
[INFO] current tweet url https://twitter.com/pierregillesl/status/1021027871152885760
[INFO] try heart like
[INFO] <3
[INFO] time night: 1602
[INFO] loading... Sun Jul 22 2018 16:02:36 GMT+0200 (CEST)
[INFO] cache array size 20
[INFO] get_urltweets
[INFO] current tweet url from cache https://twitter.com/rickhanlonii/status/1021027953059278848
[INFO] try heart like
[INFO] <3
[INFO] time night: 1603
[INFO] loading... Sun Jul 22 2018 16:03:10 GMT+0200 (CEST)
[INFO] cache array size 19
[INFO] get_urltweets
[INFO] current tweet url from cache https://twitter.com/McDwayne/status/1021027983199490048
[INFO] try heart like
[INFO] <3
[INFO] time night: 1603
[INFO] loading... Sun Jul 22 2018 16:03:41 GMT+0200 (CEST)
[INFO] cache array size 18
[INFO] get_urltweets
[INFO] current tweet url from cache https://twitter.com/mocobt/status/1021028047623819265
[INFO] try heart like
[INFO] <3
[INFO] time night: 1604
[INFO] loading... Sun Jul 22 2018 16:04:10 GMT+0200 (CEST)
[INFO] cache array size 17
[INFO] get_urltweets
[INFO] current tweet url from cache https://twitter.com/Lionpassion/status/1021028092549222400
[INFO] try heart like
[INFO] <3
[INFO] time night: 1604
[INFO] loading... Sun Jul 22 2018 16:04:38 GMT+0200 (CEST)
[INFO] cache array size 16
[INFO] get_urltweets
[INFO] current tweet url from cache https://twitter.com/tibayou2/status/1021028278369280011
[INFO] try heart like
[INFO] <3
[INFO] loading... Sun Jul 22 2018 16:05:12 GMT+0200 (CEST)
[INFO] time night: 1605
[INFO] cache array size 15
[INFO] get_urltweets
[INFO] current tweet url from cache https://twitter.com/Literature_Geek/status/1021028427753828352
[INFO] try heart like
[INFO] <3
[INFO] time night: 1605
[INFO] loading... Sun Jul 22 2018 16:05:39 GMT+0200 (CEST)
[INFO] cache array size 14
[INFO] get_urltweets
[INFO] current tweet url from cache https://twitter.com/ed19741/status/1021028769228869632
[INFO] try heart like
[INFO] <3
[INFO] time night: 1606
[INFO] loading... Sun Jul 22 2018 16:06:11 GMT+0200 (CEST)
[INFO] cache array size 13
[INFO] get_urltweets
[INFO] current tweet url from cache https://twitter.com/q_fktm/status/1021028866326843393
[INFO] try heart like
[INFO] <3
[INFO] time night: 1606
[INFO] loading... Sun Jul 22 2018 16:06:41 GMT+0200 (CEST)
[INFO] cache array size 12
[INFO] get_urltweets
[INFO] current tweet url from cache https://twitter.com/osmar_ferre/status/1021028999605161985
[INFO] try heart like
[INFO] <3
[INFO] time night: 1607
[INFO] loading... Sun Jul 22 2018 16:07:18 GMT+0200 (CEST)
[INFO] cache array size 11
[INFO] get_urltweets
[INFO] current tweet url from cache https://twitter.com/realusinvestmen/status/1021029943717662721
[INFO] try heart like
[INFO] <3
[INFO] time night: 1607
[INFO] loading... Sun Jul 22 2018 16:07:56 GMT+0200 (CEST)
[INFO] cache array size 10
[INFO] get_urltweets
[INFO] current tweet url from cache https://twitter.com/realusinvestmen/status/1021030107597553666
[INFO] try heart like
[INFO] <3
[INFO] time night: 1608
[INFO] loading... Sun Jul 22 2018 16:08:26 GMT+0200 (CEST)
[INFO] cache array size 9
[INFO] get_urltweets
[INFO] current tweet url from cache https://twitter.com/lmgm_m/status/1021031398784712704
[INFO] try heart like
[INFO] <3
[INFO] time night: 1608
[INFO] loading... Sun Jul 22 2018 16:08:55 GMT+0200 (CEST)
[INFO] cache array size 8
[INFO] get_urltweets
[INFO] current tweet url from cache https://twitter.com/Jer04939460/status/1021031717514039297
[INFO] try heart like
[INFO] <3
[INFO] time night: 1609
[INFO] loading... Sun Jul 22 2018 16:09:25 GMT+0200 (CEST)
[INFO] cache array size 7
[INFO] get_urltweets
[INFO] current tweet url from cache https://twitter.com/nokonoko_1203/status/1021031871885422592
[INFO] try heart like
[INFO] <3
[INFO] time night: 1609
[INFO] loading... Sun Jul 22 2018 16:09:58 GMT+0200 (CEST)
[INFO] cache array size 6
[INFO] get_urltweets
[INFO] current tweet url from cache https://twitter.com/crimnut/status/1021032096368713728
[INFO] try heart like
[INFO] <3
[INFO] time night: 1610
[INFO] loading... Sun Jul 22 2018 16:10:25 GMT+0200 (CEST)
[INFO] cache array size 5
[INFO] get_urltweets
[INFO] current tweet url from cache https://twitter.com/fujitrade/status/1021032120867696644
[INFO] try heart like
[INFO] <3
[INFO] time night: 1610
[INFO] loading... Sun Jul 22 2018 16:10:57 GMT+0200 (CEST)
[INFO] cache array size 4
[INFO] get_urltweets
[INFO] current tweet url from cache https://twitter.com/SqreenIO/status/991680554411220992
[INFO] try heart like
[INFO] <3
[INFO] time night: 1611
[INFO] loading... Sun Jul 22 2018 16:11:38 GMT+0200 (CEST)
[INFO] cache array size 3
[INFO] get_urltweets
[INFO] current tweet url from cache https://twitter.com/takuya_qiita/status/1021032208969056256
[INFO] try heart like
[INFO] <3
[INFO] time night: 1612
[INFO] loading... Sun Jul 22 2018 16:12:12 GMT+0200 (CEST)
[INFO] cache array size 2
[INFO] get_urltweets
[INFO] current tweet url from cache https://twitter.com/yshogo87/status/1021032384488198144
[INFO] try heart like
[INFO] <3
[INFO] time night: 1612
[INFO] cache array size 1
[INFO] loading... Sun Jul 22 2018 16:12:44 GMT+0200 (CEST)
[INFO] get_urltweets
[INFO] current tweet url from cache https://twitter.com/BSDHackerCommit/status/1021032403760971783
[INFO] try heart like
[INFO] <3
[INFO] finish fast like, bot sleep 48-72 minutes
[WARNING] Bot work? Please donate for support this project!
[WARNING] Donate with patreon: http://patreon.ptkdev.io
[WARNING] Donate with paypal: http://paypal.ptkdev.io
[INFO] Bot is updated! :D
[INFO] loading...
[INFO] open_loginpage
[INFO] set_username
[INFO] set_password
[INFO] submit
[INFO] checkerrors
[INFO] password is correct
[INFO] login_status is 1
[INFO] twitter request pin (2fa enabled)?
[INFO] no, bot is at work (started)... Wait...
[INFO] starting current mode
[INFO] status: 0
[INFO] rt_realistic
[INFO] time night: 1618
[INFO] loading... Sun Jul 22 2018 16:18:29 GMT+0200 (CEST)
[INFO] cache array size 0
[INFO] current hashtag github
[INFO] get_urltweets
[DEBUG] array tweets https://twitter.com/duck_butler/status/1021036374999281664,https://twitter.com/maxime_mdupont/status/1021036194375831557,https://twitter.com/AJALAABDULSAMII/status/1021036043942940672,https://twitter.com/SqreenIO/status/991676223536418816,https://twitter.com/shinji_P/status/1021035922979078146,https://twitter.com/KindpeopleR/status/1021035288674488320,https://twitter.com/fujiwarahaji_me/status/1021035284283002881,https://twitter.com/gitstartracker/status/1021035141286817792,https://twitter.com/mktakuya/status/1021034894112186368,https://twitter.com/pmusolino/status/1021034824641982464,https://twitter.com/shinji_P/status/1021034449939513344,https://twitter.com/osmar_ferre/status/1021034372810657793,https://twitter.com/tdualdir/status/1021034160486375424,https://twitter.com/SeanEllis/status/1021033397391589376,https://twitter.com/h_michael_z/status/1021033331536941056,https://twitter.com/silentworks/status/1021033009036873729,https://twitter.com/BSDHackerCommit/status/1021032403760971783,https://twitter.com/yshogo87/status/1021032384488198144,https://twitter.com/takuya_qiita/status/1021032208969056256,https://twitter.com/fujitrade/status/1021032120867696644,https://twitter.com/crimnut/status/1021032096368713728
[INFO] current tweet url https://twitter.com/crimnut/status/1021032096368713728
[INFO] try heart rt
[INFO] <3
[INFO] time night: 1619
[INFO] loading... Sun Jul 22 2018 16:19:15 GMT+0200 (CEST)
[INFO] cache array size 20
[INFO] get_urltweets
[INFO] current tweet url from cache https://twitter.com/fujitrade/status/1021032120867696644
[INFO] try heart rt
[INFO] <3
[INFO] time night: 1619
[INFO] loading... Sun Jul 22 2018 16:19:59 GMT+0200 (CEST)
[INFO] cache array size 19
[INFO] get_urltweets
[INFO] current tweet url from cache https://twitter.com/takuya_qiita/status/1021032208969056256
[INFO] try heart rt
[INFO] <3
[INFO] time night: 1620
[INFO] loading... Sun Jul 22 2018 16:20:28 GMT+0200 (CEST)
[INFO] cache array size 18
[INFO] get_urltweets
[INFO] current tweet url from cache https://twitter.com/yshogo87/status/1021032384488198144
[INFO] try heart rt
[INFO] <3
[INFO] time night: 1620
[INFO] loading... Sun Jul 22 2018 16:20:52 GMT+0200 (CEST)
[INFO] cache array size 17
[INFO] get_urltweets
[INFO] current tweet url from cache https://twitter.com/BSDHackerCommit/status/1021032403760971783
[INFO] try heart rt
[WARNING] </3
[DEBUG] Error: Node is either not visible or not an HTMLElement
[INFO] time night: 1621
[INFO] loading... Sun Jul 22 2018 16:21:23 GMT+0200 (CEST)
[INFO] cache array size 16
[INFO] get_urltweets
[INFO] current tweet url from cache https://twitter.com/silentworks/status/1021033009036873729
[INFO] try heart rt
[DEBUG] Error: Node is either not visible or not an HTMLElement
[WARNING] </3
[INFO] time night: 1621
[INFO] loading... Sun Jul 22 2018 16:21:47 GMT+0200 (CEST)
[INFO] cache array size 15
[INFO] get_urltweets
[INFO] current tweet url from cache https://twitter.com/h_michael_z/status/1021033331536941056
[INFO] try heart rt
[DEBUG] Error: Node is either not visible or not an HTMLElement
[WARNING] </3
[INFO] time night: 1622
[INFO] loading... Sun Jul 22 2018 16:22:23 GMT+0200 (CEST)
[INFO] cache array size 14
[INFO] get_urltweets
[INFO] current tweet url from cache https://twitter.com/SeanEllis/status/1021033397391589376
[INFO] try heart rt
[INFO] <3
[INFO] time night: 1622
[INFO] loading... Sun Jul 22 2018 16:22:58 GMT+0200 (CEST)
[INFO] cache array size 13
[INFO] get_urltweets
[INFO] current tweet url from cache https://twitter.com/tdualdir/status/1021034160486375424
[INFO] try heart rt
[INFO] <3
[INFO] time night: 1623
[INFO] loading... Sun Jul 22 2018 16:23:30 GMT+0200 (CEST)
[INFO] cache array size 12
[WARNING] Bot work? Please donate for support this project!
[WARNING] Donate with patreon: http://patreon.ptkdev.io
[WARNING] Donate with paypal: http://paypal.ptkdev.io
[INFO] Bot is updated! :D
[INFO] loading...
[INFO] open_loginpage
[INFO] set_username
[INFO] set_password
[INFO] submit
[INFO] checkerrors
[INFO] password is correct
[INFO] login_status is 1
[INFO] twitter request pin (2fa enabled)?
[INFO] no, bot is at work (started)... Wait...
[INFO] starting current mode
[INFO] status: 0
[INFO] rt_realistic
[INFO] time night: 1624
[INFO] loading... Sun Jul 22 2018 16:24:14 GMT+0200 (CEST)
[INFO] cache array size 0
[INFO] current hashtag dev
[INFO] get_urltweets
[DEBUG] array tweets https://twitter.com/rashedhashmi1/status/1021038200834482176,https://twitter.com/DevFolke/status/1021038194555478017,https://twitter.com/DevGuildDDI/status/1021038189270716416,https://twitter.com/BroDev96/status/1021038183973359616,https://twitter.com/jkraitushar/status/1021038180873666560,https://twitter.com/doridoridoriand/status/1021038174036987912,https://twitter.com/Lobonlo/status/1021038162926284805,https://twitter.com/kumarniranjan82/status/1021038162435399685,https://twitter.com/devinalvarez11/status/1021038138846859264,https://twitter.com/mandar_khare/status/1021038134325231619,https://twitter.com/MayashankarSahu/status/1021038125299060736,https://twitter.com/RaghuViriyala/status/1021038124372316160,https://twitter.com/DevRukmini/status/1021038120685322242,https://twitter.com/Jai000011/status/1021038119074738176,https://twitter.com/devAnnS_xo/status/1021038113433575424,https://twitter.com/priyankadatta41/status/1021038085906186241,https://twitter.com/dev_red1/status/1021038085285412864,https://twitter.com/dev_white1/status/1021038083095924739,https://twitter.com/ShadowfactsDev/status/1021038065001943041,https://twitter.com/uyc1mu63XahDev2/status/1021038064427155456
[INFO] current tweet url https://twitter.com/uyc1mu63XahDev2/status/1021038064427155456
[INFO] try rt
[DEBUG] Error: Node is either not visible or not an HTMLElement
[WARNING] :(
[INFO] time night: 1625
[INFO] loading... Sun Jul 22 2018 16:25:06 GMT+0200 (CEST)
[INFO] cache array size 19
[INFO] get_urltweets
[INFO] current tweet url from cache https://twitter.com/ShadowfactsDev/status/1021038065001943041
[INFO] try rt
[DEBUG] Error: Node is either not visible or not an HTMLElement
[WARNING] :(
[INFO] time night: 1625
[INFO] loading... Sun Jul 22 2018 16:25:42 GMT+0200 (CEST)
[INFO] cache array size 18
[INFO] get_urltweets
[INFO] current tweet url from cache https://twitter.com/dev_white1/status/1021038083095924739
[INFO] try rt
[DEBUG] Error: Protocol error (Runtime.callFunctionOn): Session closed. Most likely the page has been closed.
[WARNING] :(
[INFO] time night: 1626
[INFO] loading... Sun Jul 22 2018 16:26:09 GMT+0200 (CEST)
[INFO] cache array size 17
[INFO] get_urltweets
[INFO] current tweet url from cache https://twitter.com/dev_red1/status/1021038085285412864
[WARNING] Bot work? Please donate for support this project!
[WARNING] Donate with paypal: http://paypal.ptkdev.io
[WARNING] Donate with patreon: http://patreon.ptkdev.io
[INFO] Bot is updated! :D
[INFO] loading...
[INFO] open_loginpage
[ERROR] goto Error: Protocol error (Page.navigate): Session closed. Most likely the page has been closed.
[INFO] set_username
[INFO] set_password
[INFO] try rt
[DEBUG] Error: Protocol error (Runtime.callFunctionOn): Session closed. Most likely the page has been closed.
[WARNING] :(
[INFO] time night: 1626
[INFO] loading... Sun Jul 22 2018 16:26:52 GMT+0200 (CEST)
[INFO] cache array size 16
[INFO] submit
[INFO] get_urltweets
[INFO] current tweet url from cache https://twitter.com/priyankadatta41/status/1021038085906186241
[INFO] checkerrors
[INFO] password is correct
[ERROR] goto Error: Protocol error (Page.navigate): Session closed. Most likely the page has been closed.
[INFO] login_status is 1
[INFO] twitter request pin (2fa enabled)?
[INFO] no, bot is at work (started)... Wait...
[INFO] starting current mode
[INFO] status: 0
[INFO] rt_realistic
[INFO] time night: 1627
[INFO] loading... Sun Jul 22 2018 16:27:13 GMT+0200 (CEST)
[INFO] cache array size 0
[INFO] current hashtag developer
[INFO] try rt
[DEBUG] Error: Protocol error (Runtime.callFunctionOn): Session closed. Most likely the page has been closed.
[WARNING] :(
[INFO] time night: 1627
[INFO] loading... Sun Jul 22 2018 16:27:19 GMT+0200 (CEST)
[INFO] cache array size 15
[INFO] get_urltweets
[INFO] get_urltweets
[INFO] current tweet url from cache https://twitter.com/devAnnS_xo/status/1021038113433575424
[ERROR] goto Error: Protocol error (Page.navigate): Session closed. Most likely the page has been closed.
[WARNING] Bot work? Please donate for support this project!
[WARNING] Donate with patreon: http://patreon.ptkdev.io
[WARNING] Donate with paypal: http://paypal.ptkdev.io
[INFO] Bot is updated! :D
[INFO] loading...
[INFO] open_loginpage
[INFO] try rt
[DEBUG] Error: Protocol error (Runtime.callFunctionOn): Session closed. Most likely the page has been closed.
[WARNING] :(
[INFO] set_username
[INFO] time night: 1627
[INFO] loading... Sun Jul 22 2018 16:27:48 GMT+0200 (CEST)
[INFO] cache array size 14
[INFO] get_urltweets
[INFO] current tweet url from cache https://twitter.com/Jai000011/status/1021038119074738176
[INFO] set_password
[ERROR] goto Error: Protocol error (Page.navigate): Session closed. Most likely the page has been closed.
[INFO] submit
[INFO] checkerrors
[INFO] password is correct
[INFO] try rt
[DEBUG] Error: Protocol error (Runtime.callFunctionOn): Session closed. Most likely the page has been closed.
[WARNING] :(
[INFO] login_status is 1
[INFO] twitter request pin (2fa enabled)?
[INFO] no, bot is at work (started)... Wait...
[INFO] starting current mode
[INFO] status: 0
[INFO] rt_realistic
[INFO] time night: 1628
[INFO] loading... Sun Jul 22 2018 16:28:18 GMT+0200 (CEST)
[INFO] cache array size 0
[INFO] current hashtag github
[INFO] time night: 1628
[INFO] loading... Sun Jul 22 2018 16:28:20 GMT+0200 (CEST)
[INFO] cache array size 13
[INFO] get_urltweets
[INFO] current tweet url from cache https://twitter.com/DevRukmini/status/1021038120685322242
[INFO] get_urltweets
[ERROR] goto Error: Protocol error (Page.navigate): Session closed. Most likely the page has been closed.
[DEBUG] array tweets https://twitter.com/fraraf85/status/1020988725516488706,https://twitter.com/AndreaDraghetti/status/1020605941975273472,https://twitter.com/Piersoft/status/1020310242360537089,https://twitter.com/SqreenIO/status/991676223536418816,https://twitter.com/Flosslab_srl/status/1020258264158617601,https://twitter.com/marcodalpino/status/1020245299137302528,https://twitter.com/StefanoCog/status/1020225094013120512,https://twitter.com/nicolopigna/status/1020215639858966528,https://twitter.com/domitilla/status/1020212092039827456,https://twitter.com/raffaelesgarro/status/1019885940809007104,https://twitter.com/cvsolutions/status/1019880910634803200,https://twitter.com/seebrock3r/status/1019700815227957248,https://twitter.com/giacomotesio/status/1019569373525237760,https://twitter.com/liberalogica/status/1019262310936956928,https://twitter.com/liberalogica/status/1019261354560106496,https://twitter.com/stramargio/status/1019233085370634240,https://twitter.com/Flosslab_srl/status/1019200041427374080,https://twitter.com/cirospat/status/1019189559760912384,https://twitter.com/cfabry/status/1019168210967515136,https://twitter.com/rscano/status/1019163705945329664,https://twitter.com/cirospat/status/1019162904610983936
[INFO] current tweet url https://twitter.com/cirospat/status/1019162904610983936
[INFO] try rt
[DEBUG] Error: Protocol error (Runtime.callFunctionOn): Session closed. Most likely the page has been closed.
[WARNING] :(
[INFO] time night: 1628
[INFO] loading... Sun Jul 22 2018 16:28:53 GMT+0200 (CEST)
[INFO] cache array size 12
[INFO] get_urltweets
[INFO] current tweet url from cache https://twitter.com/RaghuViriyala/status/1021038124372316160
[INFO] try rt
[INFO] RT
[ERROR] goto Error: Protocol error (Page.navigate): Session closed. Most likely the page has been closed.
[INFO] time night: 1629
[INFO] loading... Sun Jul 22 2018 16:29:07 GMT+0200 (CEST)
[INFO] cache array size 20
[INFO] get_urltweets
[INFO] current tweet url from cache https://twitter.com/rscano/status/1019163705945329664
[ERROR] goto Error: Protocol error (Page.navigate): Session closed. Most likely the page has been closed.
[INFO] try rt
[DEBUG] Error: Protocol error (Runtime.callFunctionOn): Session closed. Most likely the page has been closed.
[WARNING] :(
[INFO] time night: 1629
[INFO] loading... Sun Jul 22 2018 16:29:23 GMT+0200 (CEST)
[INFO] cache array size 11
[INFO] get_urltweets
[INFO] current tweet url from cache https://twitter.com/MayashankarSahu/status/1021038125299060736
[INFO] try rt
[DEBUG] Error: Protocol error (Runtime.callFunctionOn): Session closed. Most likely the page has been closed.
[WARNING] :(
[ERROR] goto Error: Protocol error (Page.navigate): Session closed. Most likely the page has been closed.
[INFO] time night: 1629
[INFO] loading... Sun Jul 22 2018 16:29:35 GMT+0200 (CEST)
[INFO] cache array size 19
[INFO] get_urltweets
[INFO] current tweet url from cache https://twitter.com/cfabry/status/1019168210967515136
[INFO] try rt
[DEBUG] Error: Protocol error (Runtime.callFunctionOn): Session closed. Most likely the page has been closed.
[WARNING] :(
[ERROR] goto Error: Protocol error (Page.navigate): Session closed. Most likely the page has been closed.
[INFO] time night: 1629
[INFO] loading... Sun Jul 22 2018 16:29:52 GMT+0200 (CEST)
[INFO] cache array size 10
[INFO] try rt
[DEBUG] Error: Protocol error (Runtime.callFunctionOn): Session closed. Most likely the page has been closed.
[WARNING] :(
[INFO] get_urltweets
[INFO] current tweet url from cache https://twitter.com/mandar_khare/status/1021038134325231619
[INFO] time night: 1630
[INFO] loading... Sun Jul 22 2018 16:30:00 GMT+0200 (CEST)
[INFO] cache array size 18
[INFO] get_urltweets
[INFO] current tweet url from cache https://twitter.com/cirospat/status/1019189559760912384
[ERROR] goto Error: Protocol error (Page.navigate): Session closed. Most likely the page has been closed.
[ERROR] goto Error: Protocol error (Page.navigate): Session closed. Most likely the page has been closed.
[INFO] try rt
[DEBUG] Error: Protocol error (Runtime.callFunctionOn): Session closed. Most likely the page has been closed.
[WARNING] :(
[INFO] try rt
[DEBUG] Error: Protocol error (Runtime.callFunctionOn): Session closed. Most likely the page has been closed.
[WARNING] :(
[INFO] time night: 1630
[INFO] loading... Sun Jul 22 2018 16:30:26 GMT+0200 (CEST)
[INFO] cache array size 9
[INFO] time night: 1630
[INFO] loading... Sun Jul 22 2018 16:30:26 GMT+0200 (CEST)
[INFO] cache array size 17
[INFO] get_urltweets
[INFO] current tweet url from cache https://twitter.com/devinalvarez11/status/1021038138846859264
[INFO] get_urltweets
[INFO] current tweet url from cache https://twitter.com/Flosslab_srl/status/1019200041427374080
[ERROR] goto Error: Protocol error (Page.navigate): Session closed. Most likely the page has been closed.
[ERROR] goto Error: Protocol error (Page.navigate): Session closed. Most likely the page has been closed.
[INFO] try rt
[DEBUG] Error: Protocol error (Runtime.callFunctionOn): Session closed. Most likely the page has been closed.
[WARNING] :(
[INFO] try rt
[DEBUG] Error: Protocol error (Runtime.callFunctionOn): Session closed. Most likely the page has been closed.
[WARNING] :(
[INFO] time night: 1630
[INFO] loading... Sun Jul 22 2018 16:30:58 GMT+0200 (CEST)
[INFO] cache array size 8
[INFO] time night: 1630
[INFO] loading... Sun Jul 22 2018 16:30:58 GMT+0200 (CEST)
[INFO] cache array size 16
[INFO] get_urltweets
[INFO] current tweet url from cache https://twitter.com/stramargio/status/1019233085370634240
[INFO] get_urltweets
[INFO] current tweet url from cache https://twitter.com/kumarniranjan82/status/1021038162435399685
[ERROR] goto Error: Protocol error (Page.navigate): Session closed. Most likely the page has been closed.
[ERROR] goto Error: Protocol error (Page.navigate): Session closed. Most likely the page has been closed.
[INFO] try rt
[DEBUG] Error: Protocol error (Runtime.callFunctionOn): Session closed. Most likely the page has been closed.
[WARNING] :(
[INFO] try rt
[DEBUG] Error: Protocol error (Runtime.callFunctionOn): Session closed. Most likely the page has been closed.
[WARNING] :(
[INFO] time night: 1631
[INFO] loading... Sun Jul 22 2018 16:31:24 GMT+0200 (CEST)
[INFO] cache array size 15
[INFO] get_urltweets
[INFO] current tweet url from cache https://twitter.com/liberalogica/status/1019261354560106496
[INFO] time night: 1631
[INFO] loading... Sun Jul 22 2018 16:31:32 GMT+0200 (CEST)
[INFO] cache array size 7
[ERROR] goto Error: Protocol error (Page.navigate): Session closed. Most likely the page has been closed.
[INFO] get_urltweets
[INFO] current tweet url from cache https://twitter.com/Lobonlo/status/1021038162926284805
[ERROR] goto Error: Protocol error (Page.navigate): Session closed. Most likely the page has been closed.
[INFO] try rt
[DEBUG] Error: Protocol error (Runtime.callFunctionOn): Session closed. Most likely the page has been closed.
[WARNING] :(
[INFO] time night: 1631
[INFO] loading... Sun Jul 22 2018 16:31:53 GMT+0200 (CEST)
[INFO] cache array size 14
[INFO] get_urltweets
[INFO] current tweet url from cache https://twitter.com/liberalogica/status/1019262310936956928
[INFO] try rt
[DEBUG] Error: Protocol error (Runtime.callFunctionOn): Session closed. Most likely the page has been closed.
[WARNING] :(
[ERROR] goto Error: Protocol error (Page.navigate): Session closed. Most likely the page has been closed.
[INFO] time night: 1632
[INFO] loading... Sun Jul 22 2018 16:32:04 GMT+0200 (CEST)
[INFO] cache array size 6
[INFO] get_urltweets
[INFO] current tweet url from cache https://twitter.com/doridoridoriand/status/1021038174036987912
[INFO] try rt
[DEBUG] Error: Protocol error (Runtime.callFunctionOn): Session closed. Most likely the page has been closed.
[WARNING] :(
[ERROR] goto Error: Protocol error (Page.navigate): Session closed. Most likely the page has been closed.
[INFO] time night: 1632
[INFO] loading... Sun Jul 22 2018 16:32:22 GMT+0200 (CEST)
[INFO] cache array size 13
[INFO] try rt
[DEBUG] Error: Protocol error (Runtime.callFunctionOn): Session closed. Most likely the page has been closed.
[WARNING] :(
[INFO] get_urltweets
[INFO] current tweet url from cache https://twitter.com/giacomotesio/status/1019569373525237760
[INFO] time night: 1632
[INFO] loading... Sun Jul 22 2018 16:32:35 GMT+0200 (CEST)
[INFO] cache array size 5
[ERROR] goto Error: Protocol error (Page.navigate): Session closed. Most likely the page has been closed.
[INFO] get_urltweets
[INFO] current tweet url from cache https://twitter.com/jkraitushar/status/1021038180873666560
[INFO] try rt
[DEBUG] Error: Protocol error (Runtime.callFunctionOn): Session closed. Most likely the page has been closed.
[WARNING] :(
[ERROR] goto Error: Protocol error (Page.navigate): Session closed. Most likely the page has been closed.
[INFO] time night: 1632
[INFO] loading... Sun Jul 22 2018 16:32:53 GMT+0200 (CEST)
[INFO] cache array size 12
[INFO] try rt
[DEBUG] Error: Protocol error (Runtime.callFunctionOn): Session closed. Most likely the page has been closed.
[WARNING] :(
[INFO] get_urltweets
[INFO] current tweet url from cache https://twitter.com/seebrock3r/status/1019700815227957248
[INFO] time night: 1633
[INFO] loading... Sun Jul 22 2018 16:33:05 GMT+0200 (CEST)
[INFO] cache array size 4
[ERROR] goto Error: Protocol error (Page.navigate): Session closed. Most likely the page has been closed.
[INFO] get_urltweets
[INFO] current tweet url from cache https://twitter.com/BroDev96/status/1021038183973359616
[ERROR] goto Error: Protocol error (Page.navigate): Session closed. Most likely the page has been closed.
[INFO] try rt
[DEBUG] Error: Protocol error (Runtime.callFunctionOn): Session closed. Most likely the page has been closed.
[WARNING] :(
[INFO] time night: 1633
[INFO] loading... Sun Jul 22 2018 16:33:25 GMT+0200 (CEST)
[INFO] cache array size 11
[INFO] try rt
[DEBUG] Error: Protocol error (Runtime.callFunctionOn): Session closed. Most likely the page has been closed.
[WARNING] :(
[INFO] get_urltweets
[INFO] current tweet url from cache https://twitter.com/cvsolutions/status/1019880910634803200
[INFO] time night: 1633
[INFO] loading... Sun Jul 22 2018 16:33:36 GMT+0200 (CEST)
[INFO] cache array size 3
[ERROR] goto Error: Protocol error (Page.navigate): Session closed. Most likely the page has been closed.
[INFO] get_urltweets
[INFO] current tweet url from cache https://twitter.com/DevGuildDDI/status/1021038189270716416
[ERROR] goto Error: Protocol error (Page.navigate): Session closed. Most likely the page has been closed.
[INFO] try rt
[DEBUG] Error: Protocol error (Runtime.callFunctionOn): Session closed. Most likely the page has been closed.
[WARNING] :(
[INFO] try rt
[DEBUG] Error: Protocol error (Runtime.callFunctionOn): Session closed. Most likely the page has been closed.
[WARNING] :(
[INFO] time night: 1633
[INFO] loading... Sun Jul 22 2018 16:33:58 GMT+0200 (CEST)
[INFO] cache array size 10
[INFO] time night: 1633
[INFO] loading... Sun Jul 22 2018 16:33:58 GMT+0200 (CEST)
[INFO] cache array size 2
[INFO] get_urltweets
[INFO] current tweet url from cache https://twitter.com/DevFolke/status/1021038194555478017
[INFO] get_urltweets
[INFO] current tweet url from cache https://twitter.com/raffaelesgarro/status/1019885940809007104
[ERROR] goto Error: Protocol error (Page.navigate): Session closed. Most likely the page has been closed.
[ERROR] goto Error: Protocol error (Page.navigate): Session closed. Most likely the page has been closed.
[INFO] try rt
[DEBUG] Error: Protocol error (Runtime.callFunctionOn): Session closed. Most likely the page has been closed.
[WARNING] :(
[INFO] try rt
[DEBUG] Error: Protocol error (Runtime.callFunctionOn): Session closed. Most likely the page has been closed.
[WARNING] :(
[INFO] time night: 1634
[INFO] loading... Sun Jul 22 2018 16:34:22 GMT+0200 (CEST)
[INFO] cache array size 1
[INFO] get_urltweets
[INFO] current tweet url from cache https://twitter.com/rashedhashmi1/status/1021038200834482176
[INFO] time night: 1634
[INFO] loading... Sun Jul 22 2018 16:34:30 GMT+0200 (CEST)
[INFO] cache array size 9
[ERROR] goto Error: Protocol error (Page.navigate): Session closed. Most likely the page has been closed.
[INFO] get_urltweets
[INFO] current tweet url from cache https://twitter.com/domitilla/status/1020212092039827456
[ERROR] goto Error: Protocol error (Page.navigate): Session closed. Most likely the page has been closed.
[INFO] try rt
[DEBUG] Error: Protocol error (Runtime.callFunctionOn): Session closed. Most likely the page has been closed.
[WARNING] :(
[INFO] finish fast rt, bot sleep undefined-undefined minutes
[INFO] time night: 1634
[INFO] loading... Sun Jul 22 2018 16:34:53 GMT+0200 (CEST)
[INFO] cache array size 0
[INFO] current hashtag dev
[ERROR] goto Error: Protocol error (Page.navigate): Session closed. Most likely the page has been closed.
[INFO] try rt
[DEBUG] Error: Protocol error (Runtime.callFunctionOn): Session closed. Most likely the page has been closed.
[WARNING] :(
[INFO] time night: 1635
[INFO] loading... Sun Jul 22 2018 16:35:00 GMT+0200 (CEST)
[INFO] cache array size 8
[INFO] get_urltweets
[ERROR] get_urltweets error Error: Protocol error (Runtime.callFunctionOn): Session closed. Most likely the page has been closed.
[INFO] get_urltweets
[INFO] current tweet url from cache https://twitter.com/nicolopigna/status/1020215639858966528
[ERROR] goto Error: Protocol error (Page.navigate): Session closed. Most likely the page has been closed.
[INFO] try rt
[DEBUG] Error: Protocol error (Runtime.callFunctionOn): Session closed. Most likely the page has been closed.
[WARNING] :(
[INFO] finish fast rt, bot sleep undefined-undefined minutes
[INFO] time night: 1635
[INFO] loading... Sun Jul 22 2018 16:35:33 GMT+0200 (CEST)
[INFO] cache array size 0
[INFO] current hashtag github
[ERROR] goto Error: Protocol error (Page.navigate): Session closed. Most likely the page has been closed.
[INFO] try rt
[DEBUG] Error: Protocol error (Runtime.callFunctionOn): Session closed. Most likely the page has been closed.
[WARNING] :(
[INFO] time night: 1635
[INFO] loading... Sun Jul 22 2018 16:35:43 GMT+0200 (CEST)
[INFO] cache array size 7
[INFO] get_urltweets
[ERROR] get_urltweets error Error: Protocol error (Runtime.callFunctionOn): Session closed. Most likely the page has been closed.
[INFO] get_urltweets
[INFO] current tweet url from cache https://twitter.com/StefanoCog/status/1020225094013120512
[ERROR] goto Error: Protocol error (Page.navigate): Session closed. Most likely the page has been closed.
[INFO] try rt
[DEBUG] Error: Protocol error (Runtime.callFunctionOn): Session closed. Most likely the page has been closed.
[WARNING] :(
[INFO] finish fast rt, bot sleep undefined-undefined minutes
[INFO] time night: 1636
[INFO] loading... Sun Jul 22 2018 16:36:02 GMT+0200 (CEST)
[INFO] cache array size 0
[INFO] current hashtag dev
[ERROR] goto Error: Protocol error (Page.navigate): Session closed. Most likely the page has been closed.
[INFO] try rt
[DEBUG] Error: Protocol error (Runtime.callFunctionOn): Session closed. Most likely the page has been closed.
[WARNING] :(
[INFO] time night: 1636
[INFO] loading... Sun Jul 22 2018 16:36:11 GMT+0200 (CEST)
[INFO] cache array size 6
[INFO] get_urltweets
[ERROR] get_urltweets error Error: Protocol error (Runtime.callFunctionOn): Session closed. Most likely the page has been closed.
[INFO] get_urltweets
[INFO] current tweet url from cache https://twitter.com/marcodalpino/status/1020245299137302528
[ERROR] goto Error: Protocol error (Page.navigate): Session closed. Most likely the page has been closed.
[INFO] try rt
[DEBUG] Error: Protocol error (Runtime.callFunctionOn): Session closed. Most likely the page has been closed.
[WARNING] :(
[INFO] finish fast rt, bot sleep undefined-undefined minutes
[INFO] time night: 1636
[INFO] loading... Sun Jul 22 2018 16:36:29 GMT+0200 (CEST)
[INFO] cache array size 0
[INFO] current hashtag github
[ERROR] goto Error: Protocol error (Page.navigate): Session closed. Most likely the page has been closed.
[INFO] try rt
[DEBUG] Error: Protocol error (Runtime.callFunctionOn): Session closed. Most likely the page has been closed.
[WARNING] :(
[INFO] get_urltweets
[ERROR] get_urltweets error Error: Protocol error (Runtime.callFunctionOn): Session closed. Most likely the page has been closed.
[INFO] time night: 1636
[INFO] loading... Sun Jul 22 2018 16:36:43 GMT+0200 (CEST)
[INFO] cache array size 5
[INFO] get_urltweets
[INFO] current tweet url from cache https://twitter.com/Flosslab_srl/status/1020258264158617601
[INFO] try rt
[DEBUG] Error: Protocol error (Runtime.callFunctionOn): Session closed. Most likely the page has been closed.
[WARNING] :(
[ERROR] goto Error: Protocol error (Page.navigate): Session closed. Most likely the page has been closed.
[INFO] finish fast rt, bot sleep undefined-undefined minutes
[INFO] time night: 1637
[INFO] loading... Sun Jul 22 2018 16:37:00 GMT+0200 (CEST)
[INFO] cache array size 0
[INFO] current hashtag github
[ERROR] goto Error: Protocol error (Page.navigate): Session closed. Most likely the page has been closed.
[INFO] try rt
[DEBUG] Error: Protocol error (Runtime.callFunctionOn): Session closed. Most likely the page has been closed.
[WARNING] :(
[INFO] get_urltweets
[ERROR] get_urltweets error Error: Protocol error (Runtime.callFunctionOn): Session closed. Most likely the page has been closed.
[INFO] time night: 1637
[INFO] loading... Sun Jul 22 2018 16:37:18 GMT+0200 (CEST)
[INFO] cache array size 4
[INFO] get_urltweets
[INFO] current tweet url from cache https://twitter.com/SqreenIO/status/991676223536418816
[INFO] try rt
[DEBUG] Error: Protocol error (Runtime.callFunctionOn): Session closed. Most likely the page has been closed.
[WARNING] :(
[ERROR] goto Error: Protocol error (Page.navigate): Session closed. Most likely the page has been closed.
[INFO] finish fast rt, bot sleep undefined-undefined minutes
[INFO] time night: 1637
[INFO] loading... Sun Jul 22 2018 16:37:31 GMT+0200 (CEST)
[INFO] cache array size 0
[INFO] current hashtag dev
[ERROR] goto Error: Protocol error (Page.navigate): Session closed. Most likely the page has been closed.
[INFO] try rt
[DEBUG] Error: Protocol error (Runtime.callFunctionOn): Session closed. Most likely the page has been closed.
[WARNING] :(
[INFO] time night: 1637
[INFO] loading... Sun Jul 22 2018 16:37:44 GMT+0200 (CEST)
[INFO] cache array size 3
[INFO] get_urltweets
[ERROR] get_urltweets error Error: Protocol error (Runtime.callFunctionOn): Session closed. Most likely the page has been closed.
[INFO] get_urltweets
[INFO] current tweet url from cache https://twitter.com/Piersoft/status/1020310242360537089
[INFO] try rt
[DEBUG] Error: Protocol error (Runtime.callFunctionOn): Session closed. Most likely the page has been closed.
[WARNING] :(
[ERROR] goto Error: Protocol error (Page.navigate): Session closed. Most likely the page has been closed.
[INFO] finish fast rt, bot sleep undefined-undefined minutes
[INFO] time night: 1638
[INFO] loading... Sun Jul 22 2018 16:38:00 GMT+0200 (CEST)
[INFO] cache array size 0
[INFO] current hashtag developer
[ERROR] goto Error: Protocol error (Page.navigate): Session closed. Most likely the page has been closed.
[INFO] try rt
[DEBUG] Error: Protocol error (Runtime.callFunctionOn): Session closed. Most likely the page has been closed.
[WARNING] :(
[INFO] get_urltweets
[ERROR] get_urltweets error Error: Protocol error (Runtime.callFunctionOn): Session closed. Most likely the page has been closed.
[INFO] time night: 1638
[INFO] loading... Sun Jul 22 2018 16:38:16 GMT+0200 (CEST)
[INFO] cache array size 2
[INFO] get_urltweets
[INFO] current tweet url from cache https://twitter.com/AndreaDraghetti/status/1020605941975273472
[INFO] try rt
[DEBUG] Error: Protocol error (Runtime.callFunctionOn): Session closed. Most likely the page has been closed.
[WARNING] :(
[ERROR] goto Error: Protocol error (Page.navigate): Session closed. Most likely the page has been closed.
[INFO] finish fast rt, bot sleep undefined-undefined minutes
[INFO] time night: 1638
[INFO] loading... Sun Jul 22 2018 16:38:34 GMT+0200 (CEST)
[INFO] cache array size 0
[INFO] current hashtag github
[ERROR] goto Error: Protocol error (Page.navigate): Session closed. Most likely the page has been closed.
[INFO] try rt
[DEBUG] Error: Protocol error (Runtime.callFunctionOn): Session closed. Most likely the page has been closed.
[WARNING] :(
[INFO] get_urltweets
[ERROR] get_urltweets error Error: Protocol error (Runtime.callFunctionOn): Session closed. Most likely the page has been closed.
[INFO] time night: 1638
[INFO] loading... Sun Jul 22 2018 16:38:46 GMT+0200 (CEST)
[INFO] cache array size 1
[INFO] get_urltweets
[INFO] current tweet url from cache https://twitter.com/fraraf85/status/1020988725516488706
[INFO] try rt
[DEBUG] Error: Protocol error (Runtime.callFunctionOn): Session closed. Most likely the page has been closed.
[WARNING] :(
[ERROR] goto Error: Protocol error (Page.navigate): Session closed. Most likely the page has been closed.
[INFO] finish fast rt, bot sleep undefined-undefined minutes
[INFO] time night: 1639
[INFO] loading... Sun Jul 22 2018 16:39:00 GMT+0200 (CEST)
[INFO] cache array size 0
[INFO] current hashtag developer
[ERROR] goto Error: Protocol error (Page.navigate): Session closed. Most likely the page has been closed.
[INFO] try rt
[DEBUG] Error: Protocol error (Runtime.callFunctionOn): Session closed. Most likely the page has been closed.
[WARNING] :(
[INFO] finish fast rt, bot sleep undefined-undefined minutes
[INFO] time night: 1639
[INFO] loading... Sun Jul 22 2018 16:39:13 GMT+0200 (CEST)
[INFO] cache array size 0
[INFO] current hashtag developer
[ERROR] goto Error: Protocol error (Page.navigate): Session closed. Most likely the page has been closed.
[INFO] get_urltweets
[ERROR] get_urltweets error Error: Protocol error (Runtime.callFunctionOn): Session closed. Most likely the page has been closed.
[INFO] try rt
[DEBUG] Error: Protocol error (Runtime.callFunctionOn): Session closed. Most likely the page has been closed.
[WARNING] :(
[INFO] get_urltweets
[ERROR] get_urltweets error Error: Protocol error (Runtime.callFunctionOn): Session closed. Most likely the page has been closed.
[INFO] finish fast rt, bot sleep undefined-undefined minutes
[INFO] time night: 1639
[INFO] loading... Sun Jul 22 2018 16:39:32 GMT+0200 (CEST)
[INFO] cache array size 0
[INFO] current hashtag dev
[ERROR] goto Error: Protocol error (Page.navigate): Session closed. Most likely the page has been closed.
[INFO] try rt
[DEBUG] Error: Protocol error (Runtime.callFunctionOn): Session closed. Most likely the page has been closed.
[WARNING] :(
[INFO] get_urltweets
[ERROR] get_urltweets error Error: Protocol error (Runtime.callFunctionOn): Session closed. Most likely the page has been closed.
[INFO] finish fast rt, bot sleep undefined-undefined minutes
[INFO] time night: 1639
[INFO] loading... Sun Jul 22 2018 16:39:46 GMT+0200 (CEST)
[INFO] cache array size 0
[INFO] current hashtag dev
[ERROR] goto Error: Protocol error (Page.navigate): Session closed. Most likely the page has been closed.
[INFO] try rt
[DEBUG] Error: Protocol error (Runtime.callFunctionOn): Session closed. Most likely the page has been closed.
[WARNING] :(
[INFO] get_urltweets
[ERROR] get_urltweets error Error: Protocol error (Runtime.callFunctionOn): Session closed. Most likely the page has been closed.
[INFO] finish fast rt, bot sleep undefined-undefined minutes
[INFO] time night: 1640
[INFO] loading... Sun Jul 22 2018 16:40:02 GMT+0200 (CEST)
[INFO] cache array size 0
[INFO] current hashtag github
[ERROR] goto Error: Protocol error (Page.navigate): Session closed. Most likely the page has been closed.
[INFO] get_urltweets
[ERROR] get_urltweets error Error: Protocol error (Runtime.callFunctionOn): Session closed. Most likely the page has been closed.
[INFO] try rt
[DEBUG] Error: Protocol error (Runtime.callFunctionOn): Session closed. Most likely the page has been closed.
[WARNING] :(
[INFO] finish fast rt, bot sleep undefined-undefined minutes
[INFO] time night: 1640
[INFO] loading... Sun Jul 22 2018 16:40:22 GMT+0200 (CEST)
[INFO] cache array size 0
[INFO] current hashtag developer
[ERROR] goto Error: Protocol error (Page.navigate): Session closed. Most likely the page has been closed.
[INFO] try rt
[DEBUG] Error: Protocol error (Runtime.callFunctionOn): Session closed. Most likely the page has been closed.
[WARNING] :(
[INFO] finish fast rt, bot sleep undefined-undefined minutes
[INFO] time night: 1640
[INFO] loading... Sun Jul 22 2018 16:40:30 GMT+0200 (CEST)
[INFO] cache array size 0
[INFO] current hashtag github
[ERROR] goto Error: Protocol error (Page.navigate): Session closed. Most likely the page has been closed.
[INFO] get_urltweets
[ERROR] get_urltweets error Error: Protocol error (Runtime.callFunctionOn): Session closed. Most likely the page has been closed.
[INFO] get_urltweets
[ERROR] get_urltweets error Error: Protocol error (Runtime.callFunctionOn): Session closed. Most likely the page has been closed.
[INFO] try rt
[DEBUG] Error: Protocol error (Runtime.callFunctionOn): Session closed. Most likely the page has been closed.
[WARNING] :(
[INFO] finish fast rt, bot sleep undefined-undefined minutes
[INFO] time night: 1640
[INFO] loading... Sun Jul 22 2018 16:40:51 GMT+0200 (CEST)
[INFO] cache array size 0
[INFO] current hashtag dev
[ERROR] goto Error: Protocol error (Page.navigate): Session closed. Most likely the page has been closed.
[INFO] try rt
[DEBUG] Error: Protocol error (Runtime.callFunctionOn): Session closed. Most likely the page has been closed.
[WARNING] :(
[INFO] get_urltweets
[ERROR] get_urltweets error Error: Protocol error (Runtime.callFunctionOn): Session closed. Most likely the page has been closed.
[INFO] finish fast rt, bot sleep undefined-undefined minutes
[INFO] time night: 1641
[INFO] loading... Sun Jul 22 2018 16:41:07 GMT+0200 (CEST)
[INFO] cache array size 0
[INFO] current hashtag github
[ERROR] goto Error: Protocol error (Page.navigate): Session closed. Most likely the page has been closed.
[INFO] try rt
[DEBUG] Error: Protocol error (Runtime.callFunctionOn): Session closed. Most likely the page has been closed.
[WARNING] :(
[INFO] finish fast rt, bot sleep undefined-undefined minutes
[INFO] time night: 1641
[INFO] loading... Sun Jul 22 2018 16:41:22 GMT+0200 (CEST)
[INFO] cache array size 0
[INFO] current hashtag github
[ERROR] goto Error: Protocol error (Page.navigate): Session closed. Most likely the page has been closed.
[INFO] get_urltweets
[ERROR] get_urltweets error Error: Protocol error (Runtime.callFunctionOn): Session closed. Most likely the page has been closed.
[INFO] get_urltweets
[ERROR] get_urltweets error Error: Protocol error (Runtime.callFunctionOn): Session closed. Most likely the page has been closed.
[INFO] try rt
[DEBUG] Error: Protocol error (Runtime.callFunctionOn): Session closed. Most likely the page has been closed.
[WARNING] :(
[INFO] finish fast rt, bot sleep undefined-undefined minutes
[INFO] time night: 1641
[INFO] loading... Sun Jul 22 2018 16:41:41 GMT+0200 (CEST)
[INFO] cache array size 0
[INFO] current hashtag developer
[ERROR] goto Error: Protocol error (Page.navigate): Session closed. Most likely the page has been closed.
[INFO] try rt
[DEBUG] Error: Protocol error (Runtime.callFunctionOn): Session closed. Most likely the page has been closed.
[WARNING] :(
[INFO] finish fast rt, bot sleep undefined-undefined minutes
[INFO] time night: 1641
[INFO] loading... Sun Jul 22 2018 16:41:50 GMT+0200 (CEST)
[INFO] cache array size 0
[INFO] current hashtag dev
[ERROR] goto Error: Protocol error (Page.navigate): Session closed. Most likely the page has been closed.
[INFO] get_urltweets
[ERROR] get_urltweets error Error: Protocol error (Runtime.callFunctionOn): Session closed. Most likely the page has been closed.
[INFO] get_urltweets
[ERROR] get_urltweets error Error: Protocol error (Runtime.callFunctionOn): Session closed. Most likely the page has been closed.
[INFO] try rt
[DEBUG] Error: Protocol error (Runtime.callFunctionOn): Session closed. Most likely the page has been closed.
[WARNING] :(
[INFO] finish fast rt, bot sleep undefined-undefined minutes
[INFO] time night: 1642
[INFO] loading... Sun Jul 22 2018 16:42:09 GMT+0200 (CEST)
[INFO] cache array size 0
[INFO] current hashtag developer
[ERROR] goto Error: Protocol error (Page.navigate): Session closed. Most likely the page has been closed.
[INFO] try rt
[DEBUG] Error: Protocol error (Runtime.callFunctionOn): Session closed. Most likely the page has been closed.
[WARNING] :(
[INFO] finish fast rt, bot sleep undefined-undefined minutes
[INFO] time night: 1642
[INFO] loading... Sun Jul 22 2018 16:42:16 GMT+0200 (CEST)
[INFO] cache array size 0
[INFO] current hashtag developer
[ERROR] goto Error: Protocol error (Page.navigate): Session closed. Most likely the page has been closed.
[INFO] get_urltweets
[ERROR] get_urltweets error Error: Protocol error (Runtime.callFunctionOn): Session closed. Most likely the page has been closed.
[INFO] get_urltweets
[ERROR] get_urltweets error Error: Protocol error (Runtime.callFunctionOn): Session closed. Most likely the page has been closed.
[INFO] try rt
[DEBUG] Error: Protocol error (Runtime.callFunctionOn): Session closed. Most likely the page has been closed.
[WARNING] :(
[INFO] finish fast rt, bot sleep undefined-undefined minutes
[INFO] time night: 1642
[INFO] loading... Sun Jul 22 2018 16:42:38 GMT+0200 (CEST)
[INFO] cache array size 0
[INFO] current hashtag github
[ERROR] goto Error: Protocol error (Page.navigate): Session closed. Most likely the page has been closed.
[INFO] try rt
[DEBUG] Error: Protocol error (Runtime.callFunctionOn): Session closed. Most likely the page has been closed.
[WARNING] :(
[INFO] get_urltweets
[ERROR] get_urltweets error Error: Protocol error (Runtime.callFunctionOn): Session closed. Most likely the page has been closed.
[INFO] finish fast rt, bot sleep undefined-undefined minutes
[INFO] time night: 1642
[INFO] loading... Sun Jul 22 2018 16:42:49 GMT+0200 (CEST)
[INFO] cache array size 0
[INFO] current hashtag github
[ERROR] goto Error: Protocol error (Page.navigate): Session closed. Most likely the page has been closed.
[INFO] get_urltweets
[ERROR] get_urltweets error Error: Protocol error (Runtime.callFunctionOn): Session closed. Most likely the page has been closed.
[INFO] try rt
[DEBUG] Error: Protocol error (Runtime.callFunctionOn): Session closed. Most likely the page has been closed.
[WARNING] :(
[INFO] try rt
[DEBUG] Error: Protocol error (Runtime.callFunctionOn): Session closed. Most likely the page has been closed.
[WARNING] :(
[INFO] finish fast rt, bot sleep undefined-undefined minutes
[INFO] time night: 1643
[INFO] loading... Sun Jul 22 2018 16:43:18 GMT+0200 (CEST)
[INFO] cache array size 0
[INFO] current hashtag dev
[ERROR] goto Error: Protocol error (Page.navigate): Session closed. Most likely the page has been closed.
[INFO] finish fast rt, bot sleep undefined-undefined minutes
[INFO] time night: 1643
[INFO] loading... Sun Jul 22 2018 16:43:22 GMT+0200 (CEST)
[INFO] cache array size 0
[INFO] current hashtag github
[ERROR] goto Error: Protocol error (Page.navigate): Session closed. Most likely the page has been closed.
[INFO] get_urltweets
[ERROR] get_urltweets error Error: Protocol error (Runtime.callFunctionOn): Session closed. Most likely the page has been closed.
[INFO] get_urltweets
[ERROR] get_urltweets error Error: Protocol error (Runtime.callFunctionOn): Session closed. Most likely the page has been closed.
[INFO] try rt
[DEBUG] Error: Protocol error (Runtime.callFunctionOn): Session closed. Most likely the page has been closed.
[WARNING] :(
[INFO] finish fast rt, bot sleep undefined-undefined minutes
[INFO] time night: 1643
[INFO] loading... Sun Jul 22 2018 16:43:46 GMT+0200 (CEST)
[INFO] cache array size 0
[INFO] current hashtag developer
[ERROR] goto Error: Protocol error (Page.navigate): Session closed. Most likely the page has been closed.
[INFO] try rt
[DEBUG] Error: Protocol error (Runtime.callFunctionOn): Session closed. Most likely the page has been closed.
[WARNING] :(
[INFO] finish fast rt, bot sleep undefined-undefined minutes
[INFO] time night: 1643
[INFO] loading... Sun Jul 22 2018 16:43:52 GMT+0200 (CEST)
[INFO] cache array size 0
[INFO] current hashtag github
[ERROR] goto Error: Protocol error (Page.navigate): Session closed. Most likely the page has been closed.
[INFO] get_urltweets
[ERROR] get_urltweets error Error: Protocol error (Runtime.callFunctionOn): Session closed. Most likely the page has been closed.
[INFO] get_urltweets
[ERROR] get_urltweets error Error: Protocol error (Runtime.callFunctionOn): Session closed. Most likely the page has been closed.
[INFO] try rt
[DEBUG] Error: Protocol error (Runtime.callFunctionOn): Session closed. Most likely the page has been closed.
[WARNING] :(
[INFO] finish fast rt, bot sleep undefined-undefined minutes
[INFO] time night: 1644
[INFO] loading... Sun Jul 22 2018 16:44:14 GMT+0200 (CEST)
[INFO] cache array size 0
[INFO] current hashtag developer
[ERROR] goto Error: Protocol error (Page.navigate): Session closed. Most likely the page has been closed.
[INFO] try rt
[DEBUG] Error: Protocol error (Runtime.callFunctionOn): Session closed. Most likely the page has been closed.
[WARNING] :(
[INFO] finish fast rt, bot sleep undefined-undefined minutes
[INFO] time night: 1644
[INFO] loading... Sun Jul 22 2018 16:44:20 GMT+0200 (CEST)
[INFO] cache array size 0
[INFO] current hashtag dev
[ERROR] goto Error: Protocol error (Page.navigate): Session closed. Most likely the page has been closed.
[INFO] get_urltweets
[ERROR] get_urltweets error Error: Protocol error (Runtime.callFunctionOn): Session closed. Most likely the page has been closed.
[INFO] get_urltweets
[ERROR] get_urltweets error Error: Protocol error (Runtime.callFunctionOn): Session closed. Most likely the page has been closed.
[INFO] try rt
[DEBUG] Error: Protocol error (Runtime.callFunctionOn): Session closed. Most likely the page has been closed.
[WARNING] :(
[INFO] finish fast rt, bot sleep undefined-undefined minutes
[INFO] time night: 1644
[INFO] loading... Sun Jul 22 2018 16:44:43 GMT+0200 (CEST)
[INFO] cache array size 0
[INFO] current hashtag developer
[ERROR] goto Error: Protocol error (Page.navigate): Session closed. Most likely the page has been closed.
[INFO] try rt
[DEBUG] Error: Protocol error (Runtime.callFunctionOn): Session closed. Most likely the page has been closed.
[WARNING] :(
[INFO] finish fast rt, bot sleep undefined-undefined minutes
[INFO] time night: 1644
[INFO] loading... Sun Jul 22 2018 16:44:52 GMT+0200 (CEST)
[INFO] cache array size 0
[INFO] current hashtag dev
[ERROR] goto Error: Protocol error (Page.navigate): Session closed. Most likely the page has been closed.
[INFO] get_urltweets
[ERROR] get_urltweets error Error: Protocol error (Runtime.callFunctionOn): Session closed. Most likely the page has been closed.
[INFO] get_urltweets
[ERROR] get_urltweets error Error: Protocol error (Runtime.callFunctionOn): Session closed. Most likely the page has been closed.
[INFO] try rt
[DEBUG] Error: Protocol error (Runtime.callFunctionOn): Session closed. Most likely the page has been closed.
[WARNING] :(
[INFO] finish fast rt, bot sleep undefined-undefined minutes
[INFO] time night: 1645
[INFO] loading... Sun Jul 22 2018 16:45:14 GMT+0200 (CEST)
[INFO] cache array size 0
[INFO] current hashtag developer
[ERROR] goto Error: Protocol error (Page.navigate): Session closed. Most likely the page has been closed.
[INFO] try rt
[DEBUG] Error: Protocol error (Runtime.callFunctionOn): Session closed. Most likely the page has been closed.
[WARNING] :(
[INFO] finish fast rt, bot sleep undefined-undefined minutes
[INFO] time night: 1645
[INFO] loading... Sun Jul 22 2018 16:45:22 GMT+0200 (CEST)
[INFO] cache array size 0
[INFO] current hashtag github
[ERROR] goto Error: Protocol error (Page.navigate): Session closed. Most likely the page has been closed.
[INFO] get_urltweets
[ERROR] get_urltweets error Error: Protocol error (Runtime.callFunctionOn): Session closed. Most likely the page has been closed.
[INFO] try rt
[DEBUG] Error: Protocol error (Runtime.callFunctionOn): Session closed. Most likely the page has been closed.
[WARNING] :(
[INFO] get_urltweets
[ERROR] get_urltweets error Error: Protocol error (Runtime.callFunctionOn): Session closed. Most likely the page has been closed.
[INFO] finish fast rt, bot sleep undefined-undefined minutes
[INFO] time night: 1645
[INFO] loading... Sun Jul 22 2018 16:45:40 GMT+0200 (CEST)
[INFO] cache array size 0
[INFO] current hashtag developer
[ERROR] goto Error: Protocol error (Page.navigate): Session closed. Most likely the page has been closed.
[INFO] try rt
[DEBUG] Error: Protocol error (Runtime.callFunctionOn): Session closed. Most likely the page has been closed.
[WARNING] :(
[INFO] finish fast rt, bot sleep undefined-undefined minutes
[INFO] time night: 1645
[INFO] loading... Sun Jul 22 2018 16:45:50 GMT+0200 (CEST)
[INFO] cache array size 0
[INFO] current hashtag dev
[ERROR] goto Error: Protocol error (Page.navigate): Session closed. Most likely the page has been closed.
[INFO] get_urltweets
[ERROR] get_urltweets error Error: Protocol error (Runtime.callFunctionOn): Session closed. Most likely the page has been closed.
[INFO] get_urltweets
[ERROR] get_urltweets error Error: Protocol error (Runtime.callFunctionOn): Session closed. Most likely the page has been closed.
[INFO] try rt
[DEBUG] Error: Protocol error (Runtime.callFunctionOn): Session closed. Most likely the page has been closed.
[WARNING] :(
[INFO] try rt
[DEBUG] Error: Protocol error (Runtime.callFunctionOn): Session closed. Most likely the page has been closed.
[WARNING] :(
[INFO] finish fast rt, bot sleep undefined-undefined minutes
[INFO] time night: 1646
[INFO] loading... Sun Jul 22 2018 16:46:13 GMT+0200 (CEST)
[INFO] cache array size 0
[INFO] current hashtag dev
[ERROR] goto Error: Protocol error (Page.navigate): Session closed. Most likely the page has been closed.
[INFO] finish fast rt, bot sleep undefined-undefined minutes
[INFO] time night: 1646
[INFO] loading... Sun Jul 22 2018 16:46:19 GMT+0200 (CEST)
[INFO] cache array size 0
[INFO] current hashtag github
[ERROR] goto Error: Protocol error (Page.navigate): Session closed. Most likely the page has been closed.
[INFO] get_urltweets
[ERROR] get_urltweets error Error: Protocol error (Runtime.callFunctionOn): Session closed. Most likely the page has been closed.
[INFO] get_urltweets
[ERROR] get_urltweets error Error: Protocol error (Runtime.callFunctionOn): Session closed. Most likely the page has been closed.
[INFO] try rt
[DEBUG] Error: Protocol error (Runtime.callFunctionOn): Session closed. Most likely the page has been closed.
[WARNING] :(
[INFO] try rt
[DEBUG] Error: Protocol error (Runtime.callFunctionOn): Session closed. Most likely the page has been closed.
[WARNING] :(
[INFO] finish fast rt, bot sleep undefined-undefined minutes
[INFO] time night: 1646
[INFO] loading... Sun Jul 22 2018 16:46:43 GMT+0200 (CEST)
[INFO] cache array size 0
[INFO] current hashtag github
[ERROR] goto Error: Protocol error (Page.navigate): Session closed. Most likely the page has been closed.
[INFO] finish fast rt, bot sleep undefined-undefined minutes
[INFO] time night: 1646
[INFO] loading... Sun Jul 22 2018 16:46:44 GMT+0200 (CEST)
[INFO] cache array size 0
[INFO] current hashtag github
[ERROR] goto Error: Protocol error (Page.navigate): Session closed. Most likely the page has been closed.
[INFO] get_urltweets
[ERROR] get_urltweets error Error: Protocol error (Runtime.callFunctionOn): Session closed. Most likely the page has been closed.
[INFO] get_urltweets
[ERROR] get_urltweets error Error: Protocol error (Runtime.callFunctionOn): Session closed. Most likely the page has been closed.
[INFO] try rt
[DEBUG] Error: Protocol error (Runtime.callFunctionOn): Session closed. Most likely the page has been closed.
[WARNING] :(
[INFO] finish fast rt, bot sleep undefined-undefined minutes
[INFO] time night: 1647
[INFO] loading... Sun Jul 22 2018 16:47:11 GMT+0200 (CEST)
[INFO] cache array size 0
[INFO] current hashtag github
[ERROR] goto Error: Protocol error (Page.navigate): Session closed. Most likely the page has been closed.
[INFO] try rt
[DEBUG] Error: Protocol error (Runtime.callFunctionOn): Session closed. Most likely the page has been closed.
[WARNING] :(
[INFO] finish fast rt, bot sleep undefined-undefined minutes
[INFO] time night: 1647
[INFO] loading... Sun Jul 22 2018 16:47:16 GMT+0200 (CEST)
[INFO] cache array size 0
[INFO] current hashtag dev
[ERROR] goto Error: Protocol error (Page.navigate): Session closed. Most likely the page has been closed.
[INFO] get_urltweets
[ERROR] get_urltweets error Error: Protocol error (Runtime.callFunctionOn): Session closed. Most likely the page has been closed.
[INFO] get_urltweets
[ERROR] get_urltweets error Error: Protocol error (Runtime.callFunctionOn): Session closed. Most likely the page has been closed.
[INFO] try rt
[DEBUG] Error: Protocol error (Runtime.callFunctionOn): Session closed. Most likely the page has been closed.
[WARNING] :(
[INFO] try rt
[DEBUG] Error: Protocol error (Runtime.callFunctionOn): Session closed. Most likely the page has been closed.
[WARNING] :(
[INFO] finish fast rt, bot sleep undefined-undefined minutes
[INFO] time night: 1647
[INFO] loading... Sun Jul 22 2018 16:47:46 GMT+0200 (CEST)
[INFO] cache array size 0
[INFO] current hashtag developer
[ERROR] goto Error: Protocol error (Page.navigate): Session closed. Most likely the page has been closed.
[INFO] finish fast rt, bot sleep undefined-undefined minutes
[INFO] time night: 1647
[INFO] loading... Sun Jul 22 2018 16:47:48 GMT+0200 (CEST)
[INFO] cache array size 0
[INFO] current hashtag dev
[ERROR] goto Error: Protocol error (Page.navigate): Session closed. Most likely the page has been closed.
[INFO] get_urltweets
[ERROR] get_urltweets error Error: Protocol error (Runtime.callFunctionOn): Session closed. Most likely the page has been closed.
[INFO] get_urltweets
[ERROR] get_urltweets error Error: Protocol error (Runtime.callFunctionOn): Session closed. Most likely the page has been closed.
[INFO] try rt
[DEBUG] Error: Protocol error (Runtime.callFunctionOn): Session closed. Most likely the page has been closed.
[WARNING] :(
[INFO] try rt
[DEBUG] Error: Protocol error (Runtime.callFunctionOn): Session closed. Most likely the page has been closed.
[WARNING] :(
[INFO] finish fast rt, bot sleep undefined-undefined minutes
[INFO] time night: 1648
[INFO] loading... Sun Jul 22 2018 16:48:15 GMT+0200 (CEST)
[INFO] cache array size 0
[INFO] current hashtag github
[ERROR] goto Error: Protocol error (Page.navigate): Session closed. Most likely the page has been closed.
[INFO] finish fast rt, bot sleep undefined-undefined minutes
[INFO] time night: 1648
[INFO] loading... Sun Jul 22 2018 16:48:16 GMT+0200 (CEST)
[INFO] cache array size 0
[INFO] current hashtag dev
[ERROR] goto Error: Protocol error (Page.navigate): Session closed. Most likely the page has been closed.
[INFO] get_urltweets
[ERROR] get_urltweets error Error: Protocol error (Runtime.callFunctionOn): Session closed. Most likely the page has been closed.
[INFO] get_urltweets
[ERROR] get_urltweets error Error: Protocol error (Runtime.callFunctionOn): Session closed. Most likely the page has been closed.
[INFO] try rt
[DEBUG] Error: Protocol error (Runtime.callFunctionOn): Session closed. Most likely the page has been closed.
[WARNING] :(
[INFO] try rt
[DEBUG] Error: Protocol error (Runtime.callFunctionOn): Session closed. Most likely the page has been closed.
[WARNING] :(
[INFO] finish fast rt, bot sleep undefined-undefined minutes
[INFO] time night: 1648
[INFO] loading... Sun Jul 22 2018 16:48:43 GMT+0200 (CEST)
[INFO] cache array size 0
[INFO] current hashtag github
[ERROR] goto Error: Protocol error (Page.navigate): Session closed. Most likely the page has been closed.
[INFO] finish fast rt, bot sleep undefined-undefined minutes
[INFO] time night: 1648
[INFO] loading... Sun Jul 22 2018 16:48:45 GMT+0200 (CEST)
[INFO] cache array size 0
[INFO] current hashtag github
[ERROR] goto Error: Protocol error (Page.navigate): Session closed. Most likely the page has been closed.
[INFO] get_urltweets
[ERROR] get_urltweets error Error: Protocol error (Runtime.callFunctionOn): Session closed. Most likely the page has been closed.
[INFO] get_urltweets
[ERROR] get_urltweets error Error: Protocol error (Runtime.callFunctionOn): Session closed. Most likely the page has been closed.
[INFO] try rt
[DEBUG] Error: Protocol error (Runtime.callFunctionOn): Session closed. Most likely the page has been closed.
[WARNING] :(
[INFO] try rt
[DEBUG] Error: Protocol error (Runtime.callFunctionOn): Session closed. Most likely the page has been closed.
[WARNING] :(
[INFO] finish fast rt, bot sleep undefined-undefined minutes
[INFO] time night: 1649
[INFO] loading... Sun Jul 22 2018 16:49:16 GMT+0200 (CEST)
[INFO] cache array size 0
[INFO] current hashtag developer
[ERROR] goto Error: Protocol error (Page.navigate): Session closed. Most likely the page has been closed.
[INFO] finish fast rt, bot sleep undefined-undefined minutes
[INFO] time night: 1649
[INFO] loading... Sun Jul 22 2018 16:49:20 GMT+0200 (CEST)
[INFO] cache array size 0
[INFO] current hashtag dev
[ERROR] goto Error: Protocol error (Page.navigate): Session closed. Most likely the page has been closed.
[INFO] get_urltweets
[ERROR] get_urltweets error Error: Protocol error (Runtime.callFunctionOn): Session closed. Most likely the page has been closed.
[INFO] get_urltweets
[ERROR] get_urltweets error Error: Protocol error (Runtime.callFunctionOn): Session closed. Most likely the page has been closed.
[INFO] try rt
[DEBUG] Error: Protocol error (Runtime.callFunctionOn): Session closed. Most likely the page has been closed.
[WARNING] :(
[INFO] try rt
[DEBUG] Error: Protocol error (Runtime.callFunctionOn): Session closed. Most likely the page has been closed.
[WARNING] :(
[INFO] finish fast rt, bot sleep undefined-undefined minutes
[INFO] time night: 1649
[INFO] loading... Sun Jul 22 2018 16:49:44 GMT+0200 (CEST)
[INFO] cache array size 0
[INFO] current hashtag github
[ERROR] goto Error: Protocol error (Page.navigate): Session closed. Most likely the page has been closed.
[INFO] finish fast rt, bot sleep undefined-undefined minutes
[INFO] time night: 1649
[INFO] loading... Sun Jul 22 2018 16:49:50 GMT+0200 (CEST)
[INFO] cache array size 0
[INFO] current hashtag developer
[ERROR] goto Error: Protocol error (Page.navigate): Session closed. Most likely the page has been closed.
[INFO] get_urltweets
[ERROR] get_urltweets error Error: Protocol error (Runtime.callFunctionOn): Session closed. Most likely the page has been closed.
[INFO] get_urltweets
[ERROR] get_urltweets error Error: Protocol error (Runtime.callFunctionOn): Session closed. Most likely the page has been closed.
[INFO] try rt
[DEBUG] Error: Protocol error (Runtime.callFunctionOn): Session closed. Most likely the page has been closed.
[WARNING] :(
[INFO] try rt
[DEBUG] Error: Protocol error (Runtime.callFunctionOn): Session closed. Most likely the page has been closed.
[WARNING] :(
[INFO] finish fast rt, bot sleep undefined-undefined minutes
[INFO] time night: 1650
[INFO] loading... Sun Jul 22 2018 16:50:33 GMT+0200 (CEST)
[INFO] cache array size 0
[INFO] current hashtag dev
[ERROR] goto Error: Protocol error (Page.navigate): Session closed. Most likely the page has been closed.
[INFO] finish fast rt, bot sleep undefined-undefined minutes
[INFO] time night: 1650
[INFO] loading... Sun Jul 22 2018 16:50:33 GMT+0200 (CEST)
[INFO] cache array size 0
[INFO] current hashtag developer
[ERROR] goto Error: Protocol error (Page.navigate): Session closed. Most likely the page has been closed.
[INFO] get_urltweets
[ERROR] get_urltweets error Error: Protocol error (Runtime.callFunctionOn): Session closed. Most likely the page has been closed.
[INFO] get_urltweets
[ERROR] get_urltweets error Error: Protocol error (Runtime.callFunctionOn): Session closed. Most likely the page has been closed.
[INFO] try rt
[DEBUG] Error: Protocol error (Runtime.callFunctionOn): Session closed. Most likely the page has been closed.
[WARNING] :(
[INFO] try rt
[DEBUG] Error: Protocol error (Runtime.callFunctionOn): Session closed. Most likely the page has been closed.
[WARNING] :(
[INFO] finish fast rt, bot sleep undefined-undefined minutes
[INFO] time night: 1651
[INFO] loading... Sun Jul 22 2018 16:51:00 GMT+0200 (CEST)
[INFO] cache array size 0
[INFO] current hashtag github
[ERROR] goto Error: Protocol error (Page.navigate): Session closed. Most likely the page has been closed.
[INFO] finish fast rt, bot sleep undefined-undefined minutes
[INFO] time night: 1651
[INFO] loading... Sun Jul 22 2018 16:51:05 GMT+0200 (CEST)
[INFO] cache array size 0
[INFO] current hashtag developer
[ERROR] goto Error: Protocol error (Page.navigate): Session closed. Most likely the page has been closed.
[INFO] get_urltweets
[ERROR] get_urltweets error Error: Protocol error (Runtime.callFunctionOn): Session closed. Most likely the page has been closed.
[INFO] get_urltweets
[ERROR] get_urltweets error Error: Protocol error (Runtime.callFunctionOn): Session closed. Most likely the page has been closed.
[INFO] try rt
[DEBUG] Error: Protocol error (Runtime.callFunctionOn): Session closed. Most likely the page has been closed.
[WARNING] :(
[INFO] try rt
[DEBUG] Error: Protocol error (Runtime.callFunctionOn): Session closed. Most likely the page has been closed.
[WARNING] :(
[INFO] finish fast rt, bot sleep undefined-undefined minutes
[INFO] time night: 1651
[INFO] loading... Sun Jul 22 2018 16:51:32 GMT+0200 (CEST)
[INFO] cache array size 0
[INFO] current hashtag github
[ERROR] goto Error: Protocol error (Page.navigate): Session closed. Most likely the page has been closed.
[INFO] finish fast rt, bot sleep undefined-undefined minutes
[INFO] time night: 1651
[INFO] loading... Sun Jul 22 2018 16:51:33 GMT+0200 (CEST)
[INFO] cache array size 0
[INFO] current hashtag github
[ERROR] goto Error: Protocol error (Page.navigate): Session closed. Most likely the page has been closed.
[INFO] get_urltweets
[ERROR] get_urltweets error Error: Protocol error (Runtime.callFunctionOn): Session closed. Most likely the page has been closed.
[INFO] get_urltweets
[ERROR] get_urltweets error Error: Protocol error (Runtime.callFunctionOn): Session closed. Most likely the page has been closed.
[INFO] try rt
[DEBUG] Error: Protocol error (Runtime.callFunctionOn): Session closed. Most likely the page has been closed.
[WARNING] :(
[INFO] try rt
[DEBUG] Error: Protocol error (Runtime.callFunctionOn): Session closed. Most likely the page has been closed.
[WARNING] :(
