[ERROR] config.bot_superlike_n use the default value, update your config.js from config.js.tpl
[ERROR] config.bot_followday use the default value, update your config.js from config.js.tpl
[ERROR] config.bot_userwhitelist use the default value, update your config.js from config.js.tpl
[ERROR] config.bot_superlike_n use the default value, update your config.js from config.js.tpl
[ERROR] config.bot_followday use the default value, update your config.js from config.js.tpl
[ERROR] config.bot_userwhitelist use the default value, update your config.js from config.js.tpl
[ERROR] like_get_urlpic error Error: Protocol error (Page.navigate): Invalid parameters url: string value expected
[ERROR] get_urltweets error Error: Protocol error (Page.navigate): Invalid parameters url: string value expected
[ERROR] Error:  (restart bot and retry...)
[ERROR] Error:  (restart bot and retry...)
[ERROR] get_urltweets error Error: Protocol error (Page.navigate): Invalid parameters url: string value expected
[ERROR] goto Error: Protocol error (Page.navigate): Session closed. Most likely the page has been closed.
[ERROR] goto Error: Protocol error (Page.navigate): Session closed. Most likely the page has been closed.
[ERROR] goto Error: Protocol error (Page.navigate): Session closed. Most likely the page has been closed.
[ERROR] goto Error: Protocol error (Page.navigate): Session closed. Most likely the page has been closed.
[ERROR] goto Error: Protocol error (Page.navigate): Session closed. Most likely the page has been closed.
[ERROR] goto Error: Protocol error (Page.navigate): Session closed. Most likely the page has been closed.
[ERROR] goto Error: Protocol error (Page.navigate): Session closed. Most likely the page has been closed.
[ERROR] goto Error: Protocol error (Page.navigate): Session closed. Most likely the page has been closed.
[ERROR] goto Error: Protocol error (Page.navigate): Session closed. Most likely the page has been closed.
[ERROR] goto Error: Protocol error (Page.navigate): Session closed. Most likely the page has been closed.
[ERROR] goto Error: Protocol error (Page.navigate): Session closed. Most likely the page has been closed.
[ERROR] goto Error: Protocol error (Page.navigate): Session closed. Most likely the page has been closed.
[ERROR] goto Error: Protocol error (Page.navigate): Session closed. Most likely the page has been closed.
[ERROR] goto Error: Protocol error (Page.navigate): Session closed. Most likely the page has been closed.
[ERROR] goto Error: Protocol error (Page.navigate): Session closed. Most likely the page has been closed.
[ERROR] goto Error: Protocol error (Page.navigate): Session closed. Most likely the page has been closed.
[ERROR] goto Error: Protocol error (Page.navigate): Session closed. Most likely the page has been closed.
[ERROR] goto Error: Protocol error (Page.navigate): Session closed. Most likely the page has been closed.
[ERROR] goto Error: Protocol error (Page.navigate): Session closed. Most likely the page has been closed.
[ERROR] goto Error: Protocol error (Page.navigate): Session closed. Most likely the page has been closed.
[ERROR] goto Error: Protocol error (Page.navigate): Session closed. Most likely the page has been closed.
[ERROR] goto Error: Protocol error (Page.navigate): Session closed. Most likely the page has been closed.
[ERROR] goto Error: Protocol error (Page.navigate): Session closed. Most likely the page has been closed.
[ERROR] goto Error: Protocol error (Page.navigate): Session closed. Most likely the page has been closed.
[ERROR] goto Error: Protocol error (Page.navigate): Session closed. Most likely the page has been closed.
[ERROR] goto Error: Protocol error (Page.navigate): Session closed. Most likely the page has been closed.
[ERROR] goto Error: Protocol error (Page.navigate): Session closed. Most likely the page has been closed.
[ERROR] goto Error: Protocol error (Page.navigate): Session closed. Most likely the page has been closed.
[ERROR] goto Error: Protocol error (Page.navigate): Session closed. Most likely the page has been closed.
[ERROR] goto Error: Protocol error (Page.navigate): Session closed. Most likely the page has been closed.
[ERROR] get_urltweets error Error: Protocol error (Runtime.callFunctionOn): Session closed. Most likely the page has been closed.
[ERROR] goto Error: Protocol error (Page.navigate): Session closed. Most likely the page has been closed.
[ERROR] goto Error: Protocol error (Page.navigate): Session closed. Most likely the page has been closed.
[ERROR] get_urltweets error Error: Protocol error (Runtime.callFunctionOn): Session closed. Most likely the page has been closed.
[ERROR] goto Error: Protocol error (Page.navigate): Session closed. Most likely the page has been closed.
[ERROR] goto Error: Protocol error (Page.navigate): Session closed. Most likely the page has been closed.
[ERROR] get_urltweets error Error: Protocol error (Runtime.callFunctionOn): Session closed. Most likely the page has been closed.
[ERROR] goto Error: Protocol error (Page.navigate): Session closed. Most likely the page has been closed.
[ERROR] goto Error: Protocol error (Page.navigate): Session closed. Most likely the page has been closed.
[ERROR] get_urltweets error Error: Protocol error (Runtime.callFunctionOn): Session closed. Most likely the page has been closed.
[ERROR] goto Error: Protocol error (Page.navigate): Session closed. Most likely the page has been closed.
[ERROR] goto Error: Protocol error (Page.navigate): Session closed. Most likely the page has been closed.
[ERROR] get_urltweets error Error: Protocol error (Runtime.callFunctionOn): Session closed. Most likely the page has been closed.
[ERROR] goto Error: Protocol error (Page.navigate): Session closed. Most likely the page has been closed.
[ERROR] goto Error: Protocol error (Page.navigate): Session closed. Most likely the page has been closed.
[ERROR] get_urltweets error Error: Protocol error (Runtime.callFunctionOn): Session closed. Most likely the page has been closed.
[ERROR] goto Error: Protocol error (Page.navigate): Session closed. Most likely the page has been closed.
[ERROR] goto Error: Protocol error (Page.navigate): Session closed. Most likely the page has been closed.
[ERROR] get_urltweets error Error: Protocol error (Runtime.callFunctionOn): Session closed. Most likely the page has been closed.
[ERROR] goto Error: Protocol error (Page.navigate): Session closed. Most likely the page has been closed.
[ERROR] goto Error: Protocol error (Page.navigate): Session closed. Most likely the page has been closed.
[ERROR] get_urltweets error Error: Protocol error (Runtime.callFunctionOn): Session closed. Most likely the page has been closed.
[ERROR] goto Error: Protocol error (Page.navigate): Session closed. Most likely the page has been closed.
[ERROR] goto Error: Protocol error (Page.navigate): Session closed. Most likely the page has been closed.
[ERROR] goto Error: Protocol error (Page.navigate): Session closed. Most likely the page has been closed.
[ERROR] get_urltweets error Error: Protocol error (Runtime.callFunctionOn): Session closed. Most likely the page has been closed.
[ERROR] get_urltweets error Error: Protocol error (Runtime.callFunctionOn): Session closed. Most likely the page has been closed.
[ERROR] goto Error: Protocol error (Page.navigate): Session closed. Most likely the page has been closed.
[ERROR] get_urltweets error Error: Protocol error (Runtime.callFunctionOn): Session closed. Most likely the page has been closed.
[ERROR] goto Error: Protocol error (Page.navigate): Session closed. Most likely the page has been closed.
[ERROR] get_urltweets error Error: Protocol error (Runtime.callFunctionOn): Session closed. Most likely the page has been closed.
[ERROR] goto Error: Protocol error (Page.navigate): Session closed. Most likely the page has been closed.
[ERROR] get_urltweets error Error: Protocol error (Runtime.callFunctionOn): Session closed. Most likely the page has been closed.
[ERROR] goto Error: Protocol error (Page.navigate): Session closed. Most likely the page has been closed.
[ERROR] goto Error: Protocol error (Page.navigate): Session closed. Most likely the page has been closed.
[ERROR] get_urltweets error Error: Protocol error (Runtime.callFunctionOn): Session closed. Most likely the page has been closed.
[ERROR] get_urltweets error Error: Protocol error (Runtime.callFunctionOn): Session closed. Most likely the page has been closed.
[ERROR] goto Error: Protocol error (Page.navigate): Session closed. Most likely the page has been closed.
[ERROR] get_urltweets error Error: Protocol error (Runtime.callFunctionOn): Session closed. Most likely the page has been closed.
[ERROR] goto Error: Protocol error (Page.navigate): Session closed. Most likely the page has been closed.
[ERROR] goto Error: Protocol error (Page.navigate): Session closed. Most likely the page has been closed.
[ERROR] get_urltweets error Error: Protocol error (Runtime.callFunctionOn): Session closed. Most likely the page has been closed.
[ERROR] get_urltweets error Error: Protocol error (Runtime.callFunctionOn): Session closed. Most likely the page has been closed.
[ERROR] goto Error: Protocol error (Page.navigate): Session closed. Most likely the page has been closed.
[ERROR] goto Error: Protocol error (Page.navigate): Session closed. Most likely the page has been closed.
[ERROR] get_urltweets error Error: Protocol error (Runtime.callFunctionOn): Session closed. Most likely the page has been closed.
[ERROR] get_urltweets error Error: Protocol error (Runtime.callFunctionOn): Session closed. Most likely the page has been closed.
[ERROR] goto Error: Protocol error (Page.navigate): Session closed. Most likely the page has been closed.
[ERROR] goto Error: Protocol error (Page.navigate): Session closed. Most likely the page has been closed.
[ERROR] get_urltweets error Error: Protocol error (Runtime.callFunctionOn): Session closed. Most likely the page has been closed.
[ERROR] get_urltweets error Error: Protocol error (Runtime.callFunctionOn): Session closed. Most likely the page has been closed.
[ERROR] goto Error: Protocol error (Page.navigate): Session closed. Most likely the page has been closed.
[ERROR] get_urltweets error Error: Protocol error (Runtime.callFunctionOn): Session closed. Most likely the page has been closed.
[ERROR] goto Error: Protocol error (Page.navigate): Session closed. Most likely the page has been closed.
[ERROR] get_urltweets error Error: Protocol error (Runtime.callFunctionOn): Session closed. Most likely the page has been closed.
[ERROR] goto Error: Protocol error (Page.navigate): Session closed. Most likely the page has been closed.
[ERROR] goto Error: Protocol error (Page.navigate): Session closed. Most likely the page has been closed.
[ERROR] get_urltweets error Error: Protocol error (Runtime.callFunctionOn): Session closed. Most likely the page has been closed.
[ERROR] get_urltweets error Error: Protocol error (Runtime.callFunctionOn): Session closed. Most likely the page has been closed.
[ERROR] goto Error: Protocol error (Page.navigate): Session closed. Most likely the page has been closed.
[ERROR] goto Error: Protocol error (Page.navigate): Session closed. Most likely the page has been closed.
[ERROR] get_urltweets error Error: Protocol error (Runtime.callFunctionOn): Session closed. Most likely the page has been closed.
[ERROR] get_urltweets error Error: Protocol error (Runtime.callFunctionOn): Session closed. Most likely the page has been closed.
